<div class="wiki-content maincontent"><p>The latest test reports are visible via the <a shape="rect" href="https://hudson.apache.org/hudson/job/ActiveMQ/">Hudson ActiveMQ continuous integration builds</a></p></div>

