<div class="wiki-content maincontent">
<p><a shape="rect" class="external-link" href="http://activemq.codehaus.org/maven/activemq-ra/xref-test/" rel="nofollow">ActiveMQ Resource Adapter</a><br clear="none">
<a shape="rect" class="external-link" href="http://activemq.codehaus.org/maven/activemq-web/xref-test/" rel="nofollow">ActiveMQ Web</a></p></div>

