<div class="wiki-content maincontent">
<p><a shape="rect" href="http://activemq.codehaus.org/maven/activemq-ra/xref-test/">ActiveMQ Resource Adapter</a><br clear="none">
<a shape="rect" href="http://activemq.codehaus.org/maven/activemq-web/xref-test/">ActiveMQ Web</a></p></div>

